           0           0        1151
           1         132        1151
           2         134        1151
           3         134        1151
           4         136        1151
           5         135        1151
           6         136        1151
           7         137        1151
           8         138        1151
           9         140        1151
          10         141        1151
          11         142        1151
          12         143        1151
          13         143        1151
          14         143        1151
          15         143        1151
          16         144        1151
          17         144        1151
          18         145        1151
          19         145        1151
          20         146        1151
          21         147        1151
          22         148        1151
          23         149        1151
          24         150        1151
          25         151        1151
          26         152        1151
          27         153        1151
          28         154        1151
          29         156        1151
          30         157        1151
          31         159        1151
          32         160        1151
          33         161        1151
          34         163        1151
          35         164        1151
          36         165        1151
          37         167        1151
          38         168        1151
          39         170        1151
          40         171        1151
          41         173        1151
          42         175        1151
          43         176        1151
          44         178        1151
          45         180        1151
          46         183        1151
          47         187        1151
          48         190        1151
          49         194        1151
          50         198        1151
          51         201        1151
          52         205        1151
          53         208        1151
          54         212        1151
          55         215        1151
          56         219        1151
          57         222        1151
          58         226        1151
          59         229        1151
          60         233        1151
          61         236        1151
          62         240        1151
          63         243        1151
          64         247        1151
          65         250        1151
          66         254        1151
          67         258        1151
          68         261        1151
          69         265        1151
          70         268        1151
          71         272        1151
          72         275        1151
          73         279        1151
          74         282        1151
          75         286        1151
          76         289        1151
          77         293        1151
          78         296        1151
          79         300        1151
          80         303        1151
          81         307        1151
          82         311        1151
          83         314        1151
          84         318        1151
          85         321        1151
          86         325        1151
          87         328        1151
          88         332        1151
          89         335        1151
          90         339        1151
          91         342        1151
          92         346        1151
          93         349        1151
          94         353        1151
          95         356        1151
          96         360        1151
          97         363        1151
          98         367        1151
          99         371        1151
         100         374        1151
         101         378        1151
         102         381        1151
         103         385        1151
         104         388        1151
         105         392        1151
         106         395        1151
         107         399        1151
         108         402        1151
         109         406        1151
         110         409        1151
         111         413        1151
         112         416        1151
         113         420        1151
         114         424        1151
         115         427        1151
         116         431        1151
         117         434        1151
         118         438        1151
         119         441        1151
         120         445        1151
         121         448        1151
         122         452        1151
         123         455        1151
         124         459        1151
         125         462        1151
         126         466        1151
         127         469        1151
         128         473        1151
           0           0        1151
           1         132        1151
           2         134        1151
           3         134        1151
           4         136        1151
           5         135        1151
           6         136        1151
           7         137        1151
           8         138        1151
           9         140        1151
          10         141        1151
          11         142        1151
          12         143        1151
          13         143        1151
          14         143        1151
          15         143        1151
          16         144        1151
          17         144        1151
          18         145        1151
          19         145        1151
          20         146        1151
          21         147        1151
          22         148        1151
          23         149        1151
          24         150        1151
          25         151        1151
          26         152        1151
          27         153        1151
          28         154        1151
          29         156        1151
          30         157        1151
          31         159        1151
          32         160        1151
          33         161        1151
          34         163        1151
          35         164        1151
          36         165        1151
          37         167        1151
          38         168        1151
          39         170        1151
          40         171        1151
          41         173        1151
          42         175        1151
          43         176        1151
          44         178        1151
          45         180        1151
          46         183        1151
          47         187        1151
          48         190        1151
          49         194        1151
          50         198        1151
          51         201        1151
          52         205        1151
          53         208        1151
          54         212        1151
          55         215        1151
          56         219        1151
          57         222        1151
          58         226        1151
          59         229        1151
          60         233        1151
          61         236        1151
          62         240        1151
          63         243        1151
          64         247        1151
          65         250        1151
          66         254        1151
          67         258        1151
          68         261        1151
          69         265        1151
          70         268        1151
          71         272        1151
          72         275        1151
          73         279        1151
          74         282        1151
          75         286        1151
          76         289        1151
          77         293        1151
          78         296        1151
          79         300        1151
          80         303        1151
          81         307        1151
          82         311        1151
          83         314        1151
          84         318        1151
          85         321        1151
          86         325        1151
          87         328        1151
          88         332        1151
          89         335        1151
          90         339        1151
          91         342        1151
          92         346        1151
          93         349        1151
          94         353        1151
          95         356        1151
          96         360        1151
          97         363        1151
          98         367        1151
          99         371        1151
         100         374        1151
         101         378        1151
         102         381        1151
         103         385        1151
         104         388        1151
         105         392        1151
         106         395        1151
         107         399        1151
         108         402        1151
         109         406        1151
         110         409        1151
         111         413        1151
         112         416        1151
         113         420        1151
         114         424        1151
         115         427        1151
         116         431        1151
         117         434        1151
         118         438        1151
         119         441        1151
         120         445        1151
         121         448        1151
         122         452        1151
         123         455        1151
         124         459        1151
         125         462        1151
         126         466        1151
         127         469        1151
         128         473        1151
           0           0        1151
           1         132        1151
           2         134        1151
           3         134        1151
           4         136        1151
           5         135        1151
           6         136        1151
           7         137        1151
           8         138        1151
           9         140        1151
          10         141        1151
          11         142        1151
          12         143        1151
          13         143        1151
          14         143        1151
          15         143        1151
          16         144        1151
          17         144        1151
          18         145        1151
          19         145        1151
          20         146        1151
          21         147        1151
          22         148        1151
          23         149        1151
          24         150        1151
          25         151        1151
          26         152        1151
          27         153        1151
          28         154        1151
          29         156        1151
          30         157        1151
          31         159        1151
          32         160        1151
          33         161        1151
          34         163        1151
          35         164        1151
          36         165        1151
          37         167        1151
          38         168        1151
          39         170        1151
          40         171        1151
          41         173        1151
          42         175        1151
          43         176        1151
          44         178        1151
          45         180        1151
          46         183        1151
          47         187        1151
          48         190        1151
          49         194        1151
          50         198        1151
          51         201        1151
          52         205        1151
          53         208        1151
          54         212        1151
          55         215        1151
          56         219        1151
          57         222        1151
          58         226        1151
          59         229        1151
          60         233        1151
          61         236        1151
          62         240        1151
          63         243        1151
          64         247        1151
          65         250        1151
          66         254        1151
          67         258        1151
          68         261        1151
          69         265        1151
          70         268        1151
          71         272        1151
          72         275        1151
          73         279        1151
          74         282        1151
          75         286        1151
          76         289        1151
          77         293        1151
          78         296        1151
          79         300        1151
          80         303        1151
          81         307        1151
          82         311        1151
          83         314        1151
          84         318        1151
          85         321        1151
          86         325        1151
          87         328        1151
          88         332        1151
          89         335        1151
          90         339        1151
          91         342        1151
          92         346        1151
          93         349        1151
          94         353        1151
          95         356        1151
          96         360        1151
          97         363        1151
          98         367        1151
          99         371        1151
         100         374        1151
         101         378        1151
         102         381        1151
         103         385        1151
         104         388        1151
         105         392        1151
         106         395        1151
         107         399        1151
         108         402        1151
         109         406        1151
         110         409        1151
         111         413        1151
         112         416        1151
         113         420        1151
         114         424        1151
         115         427        1151
         116         431        1151
         117         434        1151
         118         438        1151
         119         441        1151
         120         445        1151
         121         448        1151
         122         452        1151
         123         455        1151
         124         459        1151
         125         462        1151
         126         466        1151
         127         469        1151
         128         473        1151
